<?xml version="1.0" encoding="UTF-8"?>
<!-- Generated by org.testng.reporters.JUnitReportReporter -->
<testsuite hostname="SUDHAPAT-IN" failures="0" tests="1" name="com.actitime.tests.Login" time="20.706" errors="0" timestamp="2022-05-19T00:24:56 IST" skipped="0">
  <testcase classname="com.actitime.tests.Login" name="login_001" time="20.706"/>
  <system-out/>
</testsuite> <!-- com.actitime.tests.Login -->
