<?xml version="1.0" encoding="UTF-8"?>
<!-- Generated by org.testng.reporters.JUnitReportReporter -->
<testsuite hostname="Admin" failures="0" tests="1" name="com.actitime.tests.Login" time="26.655" errors="0" timestamp="2022-05-11T11:05:27 IST" skipped="0">
  <testcase classname="com.actitime.tests.Login" name="login_001" time="26.655"/>
  <system-out/>
</testsuite> <!-- com.actitime.tests.Login -->
