<?xml version="1.0" encoding="UTF-8"?>
<!-- Generated by org.testng.reporters.JUnitReportReporter -->
<testsuite hostname="Admin" failures="0" tests="2" name="com.actitime.tests.AutoITandRobotClass_may16" time="47.270" errors="0" timestamp="2022-05-16T21:57:45 IST" skipped="0">
  <testcase classname="com.actitime.tests.AutoITandRobotClass_may16" name="fileUploadUsingRobotClass" time="33.829"/>
  <system-out/>
  <testcase classname="com.actitime.tests.AutoITandRobotClass_may16" name="fileUploadUsingSendKeys" time="13.441"/>
  <system-out/>
</testsuite> <!-- com.actitime.tests.AutoITandRobotClass_may16 -->
