<?xml version="1.0" encoding="UTF-8"?>
<!-- Generated by org.testng.reporters.JUnitReportReporter -->
<testsuite hostname="Admin" failures="0" tests="1" name="com.actitime.tests.Projects" time="0.008" errors="0" timestamp="2022-05-20T09:59:47 IST" skipped="0">
  <testcase classname="com.actitime.tests.Projects" name="sampletest" time="0.008"/>
  <system-out/>
</testsuite> <!-- com.actitime.tests.Projects -->
